{"/Users/syedshah/Documents/projects/demos/cloud_design/demo2/monolith_service/routes/user.js": {"path":"/Users/syedshah/Documents/projects/demos/cloud_design/demo2/monolith_service/routes/user.js","statementMap":{"0":{"start":{"line":1,"column":16},"end":{"line":1,"column":34}},"1":{"start":{"line":3,"column":15},"end":{"line":3,"column":31}},"2":{"start":{"line":5,"column":0},"end":{"line":13,"column":3}},"3":{"start":{"line":6,"column":14},"end":{"line":6,"column":31}},"4":{"start":{"line":7,"column":2},"end":{"line":7,"column":19}},"5":{"start":{"line":9,"column":2},"end":{"line":12,"column":5}},"6":{"start":{"line":15,"column":0},"end":{"line":26,"column":3}},"7":{"start":{"line":16,"column":2},"end":{"line":16,"column":35}},"8":{"start":{"line":18,"column":2},"end":{"line":25,"column":5}},"9":{"start":{"line":28,"column":0},"end":{"line":28,"column":24}}},"fnMap":{"0":{"name":"(anonymous_0)","decl":{"start":{"line":5,"column":20},"end":{"line":5,"column":21}},"loc":{"start":{"line":5,"column":40},"end":{"line":13,"column":1}},"line":5},"1":{"name":"(anonymous_1)","decl":{"start":{"line":15,"column":20},"end":{"line":15,"column":21}},"loc":{"start":{"line":15,"column":40},"end":{"line":26,"column":1}},"line":15}},"branchMap":{},"s":{"0":1,"1":1,"2":1,"3":1,"4":1,"5":1,"6":1,"7":0,"8":0,"9":1},"f":{"0":1,"1":0},"b":{},"_coverageSchema":"1a1c01bbd47fc00a2c39e90264f33305004495a9","hash":"7930b8799c0820572392fb6c27bccc3359bccf97"}
}
